<?xml version="1.0" encoding="UTF-8"?>
<!-- Generated by org.testng.reporters.JUnitReportReporter -->
<testsuite hostname="LAPTOP-BASAVARAJ" failures="0" tests="1" name="Api.Demo001" time="2.489" errors="0" timestamp="2022-02-19T21:04:17 IST" skipped="0">
  <testcase classname="Api.Demo001" name="get" time="2.489"/>
  <system-out/>
</testsuite> <!-- Api.Demo001 -->
